<?xml version="1.0" encoding="UTF-8"?>
<testsuite name="SillyTest" tests="5" skipped="0" failures="0" errors="0" timestamp="2023-05-23T14:31:43" hostname="DESKTOP-1ONUR0G" time="0.028">
  <properties/>
  <testcase name="testTask1" classname="SillyTest" time="0.018"/>
  <testcase name="testTask2" classname="SillyTest" time="0.007"/>
  <testcase name="testTask3" classname="SillyTest" time="0.0"/>
  <testcase name="testTask4" classname="SillyTest" time="0.001"/>
  <testcase name="testTask5" classname="SillyTest" time="0.0"/>
  <system-out><![CDATA[]]></system-out>
  <system-err><![CDATA[]]></system-err>
</testsuite>
